[0m15:46:38.463769 [debug] [MainThread]: Sending event: {'category': 'dbt', 'action': 'invocation', 'label': 'start', 'context': [<snowplow_tracker.self_describing_json.SelfDescribingJson object at 0x000001C368937460>, <snowplow_tracker.self_describing_json.SelfDescribingJson object at 0x000001C36AC60E50>, <snowplow_tracker.self_describing_json.SelfDescribingJson object at 0x000001C36AC60C40>]}


============================== 15:46:38.463769 | 1d1f78fa-8c21-4529-bd9b-cd0c9c1568b7 ==============================
[0m15:46:38.463769 [info ] [MainThread]: Running with dbt=1.10.13
[0m15:46:38.473709 [debug] [MainThread]: running dbt with arguments {'partial_parse': 'True', 'warn_error_options': 'WarnErrorOptionsV2(error=[], warn=[], silence=[])', 'send_anonymous_usage_stats': 'True', 'warn_error': 'None', 'cache_selected_only': 'False', 'target_path': 'None', 'version_check': 'True', 'invocation_command': 'dbt init', 'log_format': 'default', 'use_colors': 'True', 'introspect': 'True', 'debug': 'False', 'log_cache_events': 'False', 'fail_fast': 'False', 'no_print': 'None', 'empty': 'None', 'use_experimental_parser': 'False', 'printer_width': '80', 'quiet': 'False', 'log_path': 'logs', 'indirect_selection': 'eager', 'profiles_dir': 'C:\\Users\\flavi\\.dbt', 'static_parser': 'True', 'write_json': 'True'}
[0m15:46:38.499168 [info ] [MainThread]: Creating dbt configuration folder at C:\Users\flavi\.dbt
[0m15:46:47.094059 [debug] [MainThread]: Starter project path: C:\Users\flavi\OneDrive\Escritorio\Mineria de datos\Data Coding\md2025\venv\lib\site-packages\dbt\include\starter_project
[0m15:46:47.217795 [info ] [MainThread]: 
Your new dbt project "sales" was created!

For more information on how to configure the profiles.yml file,
please consult the dbt documentation here:

  https://docs.getdbt.com/docs/configure-your-profile

One more thing:

Need help? Don't hesitate to reach out to us via GitHub issues or on Slack:

  https://community.getdbt.com/

Happy modeling!

[0m15:46:47.217795 [info ] [MainThread]: Setting up your profile.
[0m15:52:02.230767 [info ] [MainThread]: Profile sales written to C:\Users\flavi\.dbt\profiles.yml using target's profile_template.yml and your supplied values. Run 'dbt debug' to validate the connection.
[0m15:52:02.231782 [debug] [MainThread]: Command `dbt init` succeeded at 15:52:02.231782 after 323.89 seconds
[0m15:52:02.231782 [debug] [MainThread]: Sending event: {'category': 'dbt', 'action': 'invocation', 'label': 'end', 'context': [<snowplow_tracker.self_describing_json.SelfDescribingJson object at 0x000001C368937460>, <snowplow_tracker.self_describing_json.SelfDescribingJson object at 0x000001C315FA5510>, <snowplow_tracker.self_describing_json.SelfDescribingJson object at 0x000001C315FA45B0>]}
[0m15:52:02.231782 [debug] [MainThread]: Flushing usage events
[0m15:52:02.582776 [debug] [MainThread]: An error was encountered while trying to flush usage events
[0m15:22:53.144721 [debug] [MainThread]: Sending event: {'category': 'dbt', 'action': 'invocation', 'label': 'start', 'context': [<snowplow_tracker.self_describing_json.SelfDescribingJson object at 0x0000015C71C23460>, <snowplow_tracker.self_describing_json.SelfDescribingJson object at 0x0000015C73F48FD0>, <snowplow_tracker.self_describing_json.SelfDescribingJson object at 0x0000015C73F48D60>]}


============================== 15:22:53.149563 | b3bfa448-8e69-47e9-a06c-5ac023d773b7 ==============================
[0m15:22:53.149563 [info ] [MainThread]: Running with dbt=1.10.13
[0m15:22:53.149563 [debug] [MainThread]: running dbt with arguments {'partial_parse': 'True', 'profiles_dir': 'C:\\Users\\flavi\\.dbt', 'send_anonymous_usage_stats': 'True', 'version_check': 'True', 'cache_selected_only': 'False', 'target_path': 'None', 'use_colors': 'True', 'invocation_command': 'dbt run', 'log_format': 'default', 'warn_error': 'None', 'introspect': 'True', 'debug': 'False', 'printer_width': '80', 'fail_fast': 'False', 'no_print': 'None', 'use_experimental_parser': 'False', 'quiet': 'False', 'empty': 'False', 'log_cache_events': 'False', 'indirect_selection': 'eager', 'log_path': 'logs', 'write_json': 'True', 'warn_error_options': 'WarnErrorOptionsV2(error=[], warn=[], silence=[])', 'static_parser': 'True'}
[0m15:22:53.149563 [error] [MainThread]: Encountered an error:
Runtime Error
  No dbt_project.yml found at expected path C:\Users\flavi\OneDrive\Escritorio\Mineria de datos\Data Coding\taller\dbt_project.yml
  Verify that each entry within packages.yml (and their transitive dependencies) contains a file named dbt_project.yml
  
[0m15:22:53.149563 [debug] [MainThread]: Command `dbt run` failed at 15:22:53.149563 after 0.09 seconds
[0m15:22:53.149563 [debug] [MainThread]: Sending event: {'category': 'dbt', 'action': 'invocation', 'label': 'end', 'context': [<snowplow_tracker.self_describing_json.SelfDescribingJson object at 0x0000015C71C23460>, <snowplow_tracker.self_describing_json.SelfDescribingJson object at 0x0000015C73F48D60>, <snowplow_tracker.self_describing_json.SelfDescribingJson object at 0x0000015C73F49030>]}
[0m15:22:53.149563 [debug] [MainThread]: Flushing usage events
[0m15:22:53.564910 [debug] [MainThread]: An error was encountered while trying to flush usage events
[0m16:49:27.744733 [debug] [MainThread]: Sending event: {'category': 'dbt', 'action': 'invocation', 'label': 'start', 'context': [<snowplow_tracker.self_describing_json.SelfDescribingJson object at 0x000001A2AD2E34C0>, <snowplow_tracker.self_describing_json.SelfDescribingJson object at 0x000001A2AF608EE0>, <snowplow_tracker.self_describing_json.SelfDescribingJson object at 0x000001A2AF608D00>]}


============================== 16:49:27.750266 | df65fc09-249c-40cb-b6e3-170d870d3ee1 ==============================
[0m16:49:27.750266 [info ] [MainThread]: Running with dbt=1.10.13
[0m16:49:27.751273 [debug] [MainThread]: running dbt with arguments {'partial_parse': 'True', 'static_parser': 'True', 'send_anonymous_usage_stats': 'True', 'warn_error': 'None', 'cache_selected_only': 'False', 'target_path': 'None', 'version_check': 'True', 'invocation_command': 'dbt init meteostat_project', 'log_format': 'default', 'use_colors': 'True', 'introspect': 'True', 'debug': 'False', 'log_cache_events': 'False', 'fail_fast': 'False', 'no_print': 'None', 'quiet': 'False', 'empty': 'None', 'printer_width': '80', 'use_experimental_parser': 'False', 'indirect_selection': 'eager', 'log_path': 'logs', 'write_json': 'True', 'warn_error_options': 'WarnErrorOptionsV2(error=[], warn=[], silence=[])', 'profiles_dir': 'C:\\Users\\flavi\\.dbt'}
[0m16:49:27.787733 [debug] [MainThread]: Starter project path: C:\Users\flavi\OneDrive\Escritorio\Mineria de datos\Data Coding\md2025\venv\lib\site-packages\dbt\include\starter_project
[0m16:49:27.866743 [info ] [MainThread]: 
Your new dbt project "meteostat_project" was created!

For more information on how to configure the profiles.yml file,
please consult the dbt documentation here:

  https://docs.getdbt.com/docs/configure-your-profile

One more thing:

Need help? Don't hesitate to reach out to us via GitHub issues or on Slack:

  https://community.getdbt.com/

Happy modeling!

[0m16:49:27.867743 [info ] [MainThread]: Setting up your profile.
[0m16:51:32.446501 [info ] [MainThread]: Profile meteostat_project written to C:\Users\flavi\.dbt\profiles.yml using target's profile_template.yml and your supplied values. Run 'dbt debug' to validate the connection.
[0m16:51:32.448507 [debug] [MainThread]: Command `dbt init` succeeded at 16:51:32.448507 after 124.79 seconds
[0m16:51:32.449515 [debug] [MainThread]: Sending event: {'category': 'dbt', 'action': 'invocation', 'label': 'end', 'context': [<snowplow_tracker.self_describing_json.SelfDescribingJson object at 0x000001A2AD2E34C0>, <snowplow_tracker.self_describing_json.SelfDescribingJson object at 0x000001A2DA0119F0>, <snowplow_tracker.self_describing_json.SelfDescribingJson object at 0x000001A2DA0105B0>]}
[0m16:51:32.450514 [debug] [MainThread]: Flushing usage events
[0m16:51:32.979510 [debug] [MainThread]: An error was encountered while trying to flush usage events
[0m16:52:39.311543 [debug] [MainThread]: Sending event: {'category': 'dbt', 'action': 'invocation', 'label': 'start', 'context': [<snowplow_tracker.self_describing_json.SelfDescribingJson object at 0x000001B203ED34C0>, <snowplow_tracker.self_describing_json.SelfDescribingJson object at 0x000001B2061ECEB0>, <snowplow_tracker.self_describing_json.SelfDescribingJson object at 0x000001B2061ECCD0>]}


============================== 16:52:39.315543 | 45638d9a-d173-4abd-917f-8f4b3835b36e ==============================
[0m16:52:39.315543 [info ] [MainThread]: Running with dbt=1.10.13
[0m16:52:39.316545 [debug] [MainThread]: running dbt with arguments {'partial_parse': 'True', 'write_json': 'True', 'send_anonymous_usage_stats': 'True', 'warn_error': 'None', 'cache_selected_only': 'False', 'target_path': 'None', 'use_colors': 'True', 'invocation_command': 'dbt debug', 'log_format': 'default', 'version_check': 'True', 'introspect': 'True', 'debug': 'False', 'printer_width': '80', 'fail_fast': 'False', 'no_print': 'None', 'empty': 'None', 'log_cache_events': 'False', 'quiet': 'False', 'use_experimental_parser': 'False', 'indirect_selection': 'eager', 'log_path': 'logs', 'profiles_dir': 'C:\\Users\\flavi\\.dbt', 'static_parser': 'True', 'warn_error_options': 'WarnErrorOptionsV2(error=[], warn=[], silence=[])'}
[0m16:52:39.335019 [info ] [MainThread]: dbt version: 1.10.13
[0m16:52:39.336018 [info ] [MainThread]: python version: 3.10.6
[0m16:52:39.337019 [info ] [MainThread]: python path: C:\Users\flavi\OneDrive\Escritorio\Mineria de datos\Data Coding\md2025\venv\Scripts\python.exe
[0m16:52:39.337019 [info ] [MainThread]: os info: Windows-10-10.0.26100-SP0
[0m16:52:42.175444 [info ] [MainThread]: Using profiles dir at C:\Users\flavi\.dbt
[0m16:52:42.176444 [info ] [MainThread]: Using profiles.yml file at C:\Users\flavi\.dbt\profiles.yml
[0m16:52:42.177447 [info ] [MainThread]: Using dbt_project.yml file at C:\Users\flavi\OneDrive\Escritorio\Mineria de datos\Data Coding\taller\dbt_project.yml
[0m16:52:42.178451 [error] [MainThread]: Encountered an error:
Internal Error
  Profile should not be None if loading profile completed
[0m16:52:42.179424 [debug] [MainThread]: Command `dbt debug` failed at 16:52:42.179424 after 2.94 seconds
[0m16:52:42.180423 [debug] [MainThread]: Sending event: {'category': 'dbt', 'action': 'invocation', 'label': 'end', 'context': [<snowplow_tracker.self_describing_json.SelfDescribingJson object at 0x000001B203ED34C0>, <snowplow_tracker.self_describing_json.SelfDescribingJson object at 0x000001B230C89990>, <snowplow_tracker.self_describing_json.SelfDescribingJson object at 0x000001B230C8B520>]}
[0m16:52:42.180423 [debug] [MainThread]: Flushing usage events
[0m16:52:42.542115 [debug] [MainThread]: An error was encountered while trying to flush usage events
[0m14:51:58.939803 [debug] [MainThread]: Sending event: {'category': 'dbt', 'action': 'invocation', 'label': 'start', 'context': [<snowplow_tracker.self_describing_json.SelfDescribingJson object at 0x0000022992183490>, <snowplow_tracker.self_describing_json.SelfDescribingJson object at 0x00000229944B0F70>, <snowplow_tracker.self_describing_json.SelfDescribingJson object at 0x00000229944B0D90>]}


============================== 14:51:58.956693 | 07d1b9c9-e7b8-417b-8000-3c50f2d324d9 ==============================
[0m14:51:58.956693 [info ] [MainThread]: Running with dbt=1.10.13
[0m14:51:58.956693 [debug] [MainThread]: running dbt with arguments {'partial_parse': 'True', 'static_parser': 'True', 'send_anonymous_usage_stats': 'True', 'version_check': 'True', 'cache_selected_only': 'False', 'target_path': 'None', 'warn_error': 'None', 'invocation_command': 'dbt run', 'log_format': 'default', 'use_colors': 'True', 'introspect': 'True', 'debug': 'False', 'printer_width': '80', 'fail_fast': 'False', 'no_print': 'None', 'use_experimental_parser': 'False', 'quiet': 'False', 'empty': 'False', 'log_cache_events': 'False', 'log_path': 'logs', 'indirect_selection': 'eager', 'write_json': 'True', 'warn_error_options': 'WarnErrorOptionsV2(error=[], warn=[], silence=[])', 'profiles_dir': 'C:\\Users\\flavi\\.dbt'}
[0m14:51:58.958772 [error] [MainThread]: Encountered an error:
Runtime Error
  No dbt_project.yml found at expected path C:\Users\flavi\OneDrive\Escritorio\Mineria de datos\Data Coding\Json_mining\dbt_project.yml
  Verify that each entry within packages.yml (and their transitive dependencies) contains a file named dbt_project.yml
  
[0m14:51:58.959362 [debug] [MainThread]: Command `dbt run` failed at 14:51:58.959362 after 0.42 seconds
[0m14:51:58.960368 [debug] [MainThread]: Sending event: {'category': 'dbt', 'action': 'invocation', 'label': 'end', 'context': [<snowplow_tracker.self_describing_json.SelfDescribingJson object at 0x0000022992183490>, <snowplow_tracker.self_describing_json.SelfDescribingJson object at 0x00000229944B0D90>, <snowplow_tracker.self_describing_json.SelfDescribingJson object at 0x00000229944B1030>]}
[0m14:51:58.960368 [debug] [MainThread]: Flushing usage events
[0m14:52:00.025205 [debug] [MainThread]: An error was encountered while trying to flush usage events
